2021-06-17T15:26:39: PM2 log: ===============================================================================
2021-06-17T15:26:39: PM2 log: --- New PM2 Daemon started ----------------------------------------------------
2021-06-17T15:26:39: PM2 log: Time                 : Thu Jun 17 2021 15:26:39 GMT-0300 (Brasilia Standard Time)
2021-06-17T15:26:39: PM2 log: PM2 version          : 5.1.0
2021-06-17T15:26:39: PM2 log: Node.js version      : 14.17.1
2021-06-17T15:26:39: PM2 log: Current arch         : x64
2021-06-17T15:26:39: PM2 log: PM2 home             : /home/giovannabetti/.pm2
2021-06-17T15:26:39: PM2 log: PM2 PID file         : /home/giovannabetti/.pm2/pm2.pid
2021-06-17T15:26:39: PM2 log: RPC socket file      : /home/giovannabetti/.pm2/rpc.sock
2021-06-17T15:26:39: PM2 log: BUS socket file      : /home/giovannabetti/.pm2/pub.sock
2021-06-17T15:26:39: PM2 log: Application log path : /home/giovannabetti/.pm2/logs
2021-06-17T15:26:39: PM2 log: Worker Interval      : 30000
2021-06-17T15:26:39: PM2 log: Process dump file    : /home/giovannabetti/.pm2/dump.pm2
2021-06-17T15:26:39: PM2 log: Concurrent actions   : 2
2021-06-17T15:26:39: PM2 log: SIGTERM timeout      : 1600
2021-06-17T15:26:39: PM2 log: ===============================================================================
2021-06-19T19:31:25: PM2 log: ===============================================================================
2021-06-19T19:31:25: PM2 log: --- New PM2 Daemon started ----------------------------------------------------
2021-06-19T19:31:25: PM2 log: Time                 : Sat Jun 19 2021 19:31:25 GMT-0300 (Brasilia Standard Time)
2021-06-19T19:31:25: PM2 log: PM2 version          : 5.1.0
2021-06-19T19:31:25: PM2 log: Node.js version      : 14.17.1
2021-06-19T19:31:25: PM2 log: Current arch         : x64
2021-06-19T19:31:25: PM2 log: PM2 home             : /home/giovannabetti/.pm2
2021-06-19T19:31:25: PM2 log: PM2 PID file         : /home/giovannabetti/.pm2/pm2.pid
2021-06-19T19:31:25: PM2 log: RPC socket file      : /home/giovannabetti/.pm2/rpc.sock
2021-06-19T19:31:25: PM2 log: BUS socket file      : /home/giovannabetti/.pm2/pub.sock
2021-06-19T19:31:25: PM2 log: Application log path : /home/giovannabetti/.pm2/logs
2021-06-19T19:31:25: PM2 log: Worker Interval      : 30000
2021-06-19T19:31:25: PM2 log: Process dump file    : /home/giovannabetti/.pm2/dump.pm2
2021-06-19T19:31:25: PM2 log: Concurrent actions   : 2
2021-06-19T19:31:25: PM2 log: SIGTERM timeout      : 1600
2021-06-19T19:31:25: PM2 log: ===============================================================================
2021-06-19T19:37:57: PM2 log: App [index:0] starting in -cluster mode-
2021-06-19T19:37:57: PM2 log: App [index:0] online
2021-06-19T19:37:57: PM2 log: App [index:1] starting in -cluster mode-
2021-06-19T19:37:57: PM2 log: App [index:1] online
2021-06-19T19:44:13: PM2 log: Stopping app:index id:0
2021-06-19T19:44:13: PM2 log: Stopping app:index id:1
2021-06-19T19:44:13: PM2 log: App name:index id:0 disconnected
2021-06-19T19:44:13: PM2 log: App [index:0] exited with code [0] via signal [SIGINT]
2021-06-19T19:44:13: PM2 log: App name:index id:1 disconnected
2021-06-19T19:44:13: PM2 log: App [index:1] exited with code [0] via signal [SIGINT]
2021-06-19T19:44:13: PM2 log: pid=151631 msg=process killed
2021-06-19T19:44:13: PM2 log: pid=151638 msg=process killed
2021-06-19T19:44:13: PM2 log: PM2 successfully stopped
